Running Powershell : 

PS C:\Users\chhen> Get-Host | Select-Object Version                                                                     
Version
-------
5.1.18362.628


PS C:\Users\chhen>   

PS C:\DAta\git\apg-gradle-plugins\integration\jenkins-pipeline-tests> .\gradlew.bat --version                           
------------------------------------------------------------
Gradle 5.2.1
------------------------------------------------------------

Build time:   2019-02-08 19:00:10 UTC
Revision:     f02764e074c32ee8851a4e1877dd1fea8ffb7183

Kotlin DSL:   1.1.3
Kotlin:       1.3.20
Groovy:       2.5.4
Ant:          Apache Ant(TM) version 1.9.13 compiled on July 10 2018
JVM:          1.8.0_242 ( 25.242-b08)
OS:           Windows 10 10.0 amd64

PS C:\DAta\git\apg-gradle-plugins\integration\jenkins-pipeline-tests>  

1. Commands: 

 3 cd C:\Data\
   4 cd .\git\
   5 dir
   6 rmdir /S .\apg-gradle-plugins\
   7 rmdir .\apg-gradle-plugins\
   8 dir
   9 pwd
  10 git clone https://github.com/apgsga-it/apg-gradle-plugins.git
  11 cd .\apg-gradle-plugins\
  12 dir
  13 cd .\integration\
  14 dir
  15 cd .\jenkins-pipeline-tests\
  16 dir
  17 .\gradlew.bat clean jenkinsAll:run --info --stacktrace
  18 docker system prune -a
  19 .\gradlew.bat clean jenkinsAll:createNetwork
  20 .\gradlew.bat clean jenkinsAll:run --info --stacktrace

2. Issue encountered on first try (17) :

Step 8/9 : RUN ./createUser.sh
 ---> Running in 73af88ba7f04
/bin/sh: ./createUser.sh: /bin/bash^M: bad interpreter: No such file or directory


> Task :jenkinsAll:buildSshdImage FAILED
:jenkinsAll:buildSshdImage (Thread[Execution worker for ':',5,main]) completed. Took 1 mins 14.064 secs.

FAILURE: Build failed with an exception.

* What went wrong:
Execution failed for task ':jenkinsAll:buildSshdImage'.
> Could not build image: The command '/bin/sh -c ./createUser.sh' returned a non-zero code: 126

Resolution: 

In Visual Studio Code -. Changed in integration\jenkins-pipeline-tests\src\docker\sshd\createUser.sh CRLF to LF 

3. Then i did'nt have any problems 
4. I added a println to pipeline, which i saw in the output
5.  .\gradlew.bat clean jenkinsBuild:run --info --stacktrace 
fine too 
6. .\gradlew.bat clean jenkinPkgAndD

Weploy:run --info --stacktrace 
Issue : 
STDOUT: + ./gradlew clean buildRpm deployRpm --info --stacktrace -PinstallTarget=CHTI211 -PserviceVersion=2.0 -PreleaseNr=10 -PtargetHost=installTarget -PsshUser=tu1 -PsshPw=tu1_pass -PdownloadDir=/tmp
STDOUT: /usr/bin/env: ΓÇÿsh\rΓÇÖ: No such file or directory
STDOUT: [Pipeline] }
STDOUT: [Pipeline] // dir
STDOUT: [Pipeline] }
STDOUT: [Pipeline] // stage
STDOUT: [Pipeline] }
STDOUT: [Pipeline] // node
STDOUT: [Pipeline] End of Pipeline
STDOUT: ERROR: script returned exit code 127
STDOUT: Finished: FAILURE
:jenkinsPkgAndDeploy:logJenkinsRunnerContainer (Thread[Execution worker for ':',5,main]) completed. Took 15.31 secs.
7. Visual Studio Code :  changed integration\modules\testapp-pkg\gradlew crlf to lf 
8. .\gradlew.bat clean jenkinPkgAndDeploy:run --info --stacktrace  
Issue: 
OUT: Using 2 worker leases.
STDOUT:
STDOUT: FAILURE: Build failed with an exception.
STDOUT:
STDOUT: * What went wrong:
STDOUT: Could not create service of type FileAccessTimeJournal using GradleUserHomeScopeServices.createFileAccessTimeJournal().
STDOUT: > java.io.IOException: Input/output error
STDOUT:
STDOUT: * Try:
STDOUT: Run with --debug option to get more log output. Run with --scan to get full insights.
STDOUT:
STDOUT: * Exception is:
STDOUT: org.gradle.internal.service.ServiceCreationException: Could not create service of type FileAccessTimeJournal using GradleUserHomeScopeServices.createFileAccessTimeJournal().



Which probably has to do with Gradlehome Isolation you are working on : Both the Docker Image Gradle Build the actual gradle Build which is running Docker are accessing the same cache. 