<?xml version="1.0" encoding="UTF-8"?>
<testsuite name="com.apgsga.gradle.ssh.plugin.BuildLogicFunctionalTests" tests="2" skipped="0" failures="0" errors="0" timestamp="2020-02-04T14:08:44" hostname="chhexbook.affichage-p.ch" time="9.081">
  <properties/>
  <testcase name="Basic SSH configuration works" classname="com.apgsga.gradle.ssh.plugin.BuildLogicFunctionalTests" time="5.123"/>
  <testcase name="DeployRpm Tasks works against test environment for dummy RPM" classname="com.apgsga.gradle.ssh.plugin.BuildLogicFunctionalTests" time="3.958"/>
  <system-out><![CDATA[Running setup
/var/folders/m7/jql3p30h8xl46m001s7q50mh0000gp/T/
About to delete /var/folders/m7/jql3p30h8xl46m001s7q50mh0000gp/T/gradletestproject6708957307214044852
Project Dir : /var/folders/m7/jql3p30h8xl46m001s7q50mh0000gp/T/gradletestproject116143526008647311
Gradle Home directory for tests: /var/folders/m7/jql3p30h8xl46m001s7q50mh0000gp/T/gradletestproject116143526008647311/.gradle
/var/folders/m7/jql3p30h8xl46m001s7q50mh0000gp/T/gradletestproject116143526008647311/.gradle/gradle.properties has been created!
/var/folders/m7/jql3p30h8xl46m001s7q50mh0000gp/T/gradletestproject116143526008647311/.gradle/gradle.encrypted.properties has been created!
Result output: Using 4 worker leases.
Starting Build
Settings evaluated using settings file '/private/var/folders/m7/jql3p30h8xl46m001s7q50mh0000gp/T/gradletestproject116143526008647311/settings.gradle'.
Projects loaded. Root project using build file '/private/var/folders/m7/jql3p30h8xl46m001s7q50mh0000gp/T/gradletestproject116143526008647311/build.gradle'.
Included projects: [root project 'gradletestproject116143526008647311']

> Configure project :
Evaluating root project 'gradletestproject116143526008647311' using build file '/private/var/folders/m7/jql3p30h8xl46m001s7q50mh0000gp/T/gradletestproject116143526008647311/build.gradle'.
Compiling build file '/private/var/folders/m7/jql3p30h8xl46m001s7q50mh0000gp/T/gradletestproject116143526008647311/build.gradle' using SubsetScriptTransformer.
Compiling build file '/private/var/folders/m7/jql3p30h8xl46m001s7q50mh0000gp/T/gradletestproject116143526008647311/build.gradle' using BuildScriptTransformer.
ApgRpmDeployConfig{project=root project 'gradletestproject116143526008647311', rpmFilePath='build/output', rpmFileName='fakeRpm.rpm', remoteDestFolder='/etc/installer', allowAnyHosts=false}
All projects evaluated.
Selected primary task 'init' from project :
Tasks to be executed: [task ':init']
:init (Thread[Execution worker for ':',5,main]) started.

> Task :init SKIPPED
The build file 'build.gradle' already exists. Skipping build initialization.
Skipping task ':init' as task onlyIf is false.
:init (Thread[Execution worker for ':',5,main]) completed. Took 0.121 secs.

BUILD SUCCESSFUL in 3s

Running setup
/var/folders/m7/jql3p30h8xl46m001s7q50mh0000gp/T/
About to delete /var/folders/m7/jql3p30h8xl46m001s7q50mh0000gp/T/gradletestproject116143526008647311
Project Dir : /var/folders/m7/jql3p30h8xl46m001s7q50mh0000gp/T/gradletestproject1314884183356533736
Gradle Home directory for tests: /var/folders/m7/jql3p30h8xl46m001s7q50mh0000gp/T/gradletestproject1314884183356533736/.gradle
/var/folders/m7/jql3p30h8xl46m001s7q50mh0000gp/T/gradletestproject1314884183356533736/.gradle/gradle.properties has been created!
/var/folders/m7/jql3p30h8xl46m001s7q50mh0000gp/T/gradletestproject1314884183356533736/.gradle/gradle.encrypted.properties has been created!
]]></system-out>
  <system-err><![CDATA[]]></system-err>
</testsuite>
